# JRE version: Java(TM) SE Runtime Environment (8.0_51-b16) (build 1.8.0_51-b16)
# Java VM: Java HotSpot(TM) 64-Bit Server VM (25.51-b03 mixed mode windows-amd64 compressed oops)
Heap:
 PSYoungGen      total 1644544K, used 355489K [0x000000073ab00000, 0x00000007b9980000, 0x00000007c0000000)
  eden space 1253376K, 27% used [0x000000073ab00000,0x000000074f92b900,0x0000000787300000)
  from space 391168K, 3% used [0x0000000787300000,0x0000000787ffcca0,0x000000079f100000)
  to   space 384000K, 0% used [0x00000007a2280000,0x00000007a2280000,0x00000007b9980000)
 ParOldGen       total 1396224K, used 1162851K [0x0000000630000000, 0x0000000685380000, 0x000000073ab00000)
  object space 1396224K, 83% used [0x0000000630000000,0x0000000676f98fe8,0x0000000685380000)
 Metaspace       used 215001K, capacity 221531K, committed 221684K, reserved 1236992K
  class space    used 33245K, capacity 34970K, committed 35072K, reserved 1048576K
GC Heap History (10 events):
Event: 894.582 GC heap before
{Heap before GC invocations=92 (full 8):
 PSYoungGen      total 1628160K, used 1296761K [0x000000073ab00000, 0x00000007ba300000, 0x00000007c0000000)
  eden space 1165824K, 100% used [0x000000073ab00000,0x0000000781d80000,0x0000000781d80000)
  from space 462336K, 28% used [0x0000000781d80000,0x0000000789d5e548,0x000000079e100000)
  to   space 429568K, 0% used [0x000000079ff80000,0x000000079ff80000,0x00000007ba300000)
 ParOldGen       total 1396224K, used 1029225K [0x0000000630000000, 0x0000000685380000, 0x000000073ab00000)
  object space 1396224K, 73% used [0x0000000630000000,0x000000066ed1a7f8,0x0000000685380000)
 Metaspace       used 205997K, capacity 211949K, committed 212212K, reserved 1226752K
  class space    used 32317K, capacity 33941K, committed 34048K, reserved 1048576K
Event: 894.709 GC heap after
Heap after GC invocations=92 (full 8):
 PSYoungGen      total 1637888K, used 118767K [0x000000073ab00000, 0x00000007b7e80000, 0x00000007c0000000)
  eden space 1245696K, 0% used [0x000000073ab00000,0x000000073ab00000,0x0000000786b80000)
  from space 392192K, 30% used [0x000000079ff80000,0x00000007a737bf80,0x00000007b7e80000)
  to   space 402944K, 0% used [0x0000000786b80000,0x0000000786b80000,0x000000079f500000)
 ParOldGen       total 1396224K, used 1029233K [0x0000000630000000, 0x0000000685380000, 0x000000073ab00000)
  object space 1396224K, 73% used [0x0000000630000000,0x000000066ed1c7f8,0x0000000685380000)
 Metaspace       used 205997K, capacity 211949K, committed 212212K, reserved 1226752K
  class space    used 32317K, capacity 33941K, committed 34048K, reserved 1048576K
}
Event: 915.821 GC heap before
{Heap before GC invocations=93 (full 8):
 PSYoungGen      total 1637888K, used 1145045K [0x000000073ab00000, 0x00000007b7e80000, 0x00000007c0000000)
  eden space 1245696K, 82% used [0x000000073ab00000,0x0000000779539768,0x0000000786b80000)
  from space 392192K, 30% used [0x000000079ff80000,0x00000007a737bf80,0x00000007b7e80000)
  to   space 402944K, 0% used [0x0000000786b80000,0x0000000786b80000,0x000000079f500000)
 ParOldGen       total 1396224K, used 1029233K [0x0000000630000000, 0x0000000685380000, 0x000000073ab00000)
  object space 1396224K, 73% used [0x0000000630000000,0x000000066ed1c7f8,0x0000000685380000)
 Metaspace       used 211083K, capacity 217267K, committed 217460K, reserved 1232896K
  class space    used 32959K, capacity 34638K, committed 34688K, reserved 1048576K
Event: 916.185 GC heap after
Heap after GC invocations=93 (full 8):
 PSYoungGen      total 1440768K, used 194971K [0x000000073ab00000, 0x00000007b7680000, 0x00000007c0000000)
  eden space 1245696K, 0% used [0x000000073ab00000,0x000000073ab00000,0x0000000786b80000)
  from space 195072K, 99% used [0x0000000786b80000,0x00000007929e6f98,0x0000000792a00000)
  to   space 398848K, 0% used [0x000000079f100000,0x000000079f100000,0x00000007b7680000)
 ParOldGen       total 1396224K, used 1029241K [0x0000000630000000, 0x0000000685380000, 0x000000073ab00000)
  object space 1396224K, 73% used [0x0000000630000000,0x000000066ed1e7f8,0x0000000685380000)
 Metaspace       used 211083K, capacity 217267K, committed 217460K, reserved 1232896K
  class space    used 32959K, capacity 34638K, committed 34688K, reserved 1048576K
}
Event: 916.185 GC heap before
{Heap before GC invocations=94 (full 9):
 PSYoungGen      total 1440768K, used 194971K [0x000000073ab00000, 0x00000007b7680000, 0x00000007c0000000)
  eden space 1245696K, 0% used [0x000000073ab00000,0x000000073ab00000,0x0000000786b80000)
  from space 195072K, 99% used [0x0000000786b80000,0x00000007929e6f98,0x0000000792a00000)
  to   space 398848K, 0% used [0x000000079f100000,0x000000079f100000,0x00000007b7680000)
 ParOldGen       total 1396224K, used 1029241K [0x0000000630000000, 0x0000000685380000, 0x000000073ab00000)
  object space 1396224K, 73% used [0x0000000630000000,0x000000066ed1e7f8,0x0000000685380000)
 Metaspace       used 211083K, capacity 217267K, committed 217460K, reserved 1232896K
  class space    used 32959K, capacity 34638K, committed 34688K, reserved 1048576K
Event: 925.659 GC heap after
Heap after GC invocations=94 (full 9):
 PSYoungGen      total 1440768K, used 0K [0x000000073ab00000, 0x00000007b7680000, 0x00000007c0000000)
  eden space 1245696K, 0% used [0x000000073ab00000,0x000000073ab00000,0x0000000786b80000)
  from space 195072K, 0% used [0x0000000786b80000,0x0000000786b80000,0x0000000792a00000)
  to   space 398848K, 0% used [0x000000079f100000,0x000000079f100000,0x00000007b7680000)
 ParOldGen       total 1396224K, used 1162833K [0x0000000630000000, 0x0000000685380000, 0x000000073ab00000)
  object space 1396224K, 83% used [0x0000000630000000,0x0000000676f946a8,0x0000000685380000)
 Metaspace       used 211083K, capacity 217267K, committed 217460K, reserved 1232896K
  class space    used 32959K, capacity 34638K, committed 34688K, reserved 1048576K
}
Event: 957.322 GC heap before
{Heap before GC invocations=95 (full 9):
 PSYoungGen      total 1440768K, used 1245696K [0x000000073ab00000, 0x00000007b7680000, 0x00000007c0000000)
  eden space 1245696K, 100% used [0x000000073ab00000,0x0000000786b80000,0x0000000786b80000)
  from space 195072K, 0% used [0x0000000786b80000,0x0000000786b80000,0x0000000792a00000)
  to   space 398848K, 0% used [0x000000079f100000,0x000000079f100000,0x00000007b7680000)
 ParOldGen       total 1396224K, used 1162833K [0x0000000630000000, 0x0000000685380000, 0x000000073ab00000)
  object space 1396224K, 83% used [0x0000000630000000,0x0000000676f94768,0x0000000685380000)
 Metaspace       used 214093K, capacity 220629K, committed 220916K, reserved 1234944K
  class space    used 33241K, capacity 34969K, committed 35072K, reserved 1048576K
Event: 957.363 GC heap after
Heap after GC invocations=95 (full 9):
 PSYoungGen      total 1652224K, used 31572K [0x000000073ab00000, 0x00000007bac80000, 0x00000007c0000000)
  eden space 1253376K, 0% used [0x000000073ab00000,0x000000073ab00000,0x0000000787300000)
  from space 398848K, 7% used [0x000000079f100000,0x00000007a0fd52d0,0x00000007b7680000)
  to   space 391168K, 0% used [0x0000000787300000,0x0000000787300000,0x000000079f100000)
 ParOldGen       total 1396224K, used 1162841K [0x0000000630000000, 0x0000000685380000, 0x000000073ab00000)
  object space 1396224K, 83% used [0x0000000630000000,0x0000000676f96768,0x0000000685380000)
 Metaspace       used 214093K, capacity 220629K, committed 220916K, reserved 1234944K
  class space    used 33241K, capacity 34969K, committed 35072K, reserved 1048576K
}
Event: 1080.108 GC heap before
{Heap before GC invocations=96 (full 9):
 PSYoungGen      total 1652224K, used 1284948K [0x000000073ab00000, 0x00000007bac80000, 0x00000007c0000000)
  eden space 1253376K, 100% used [0x000000073ab00000,0x0000000787300000,0x0000000787300000)
  from space 398848K, 7% used [0x000000079f100000,0x00000007a0fd52d0,0x00000007b7680000)
  to   space 391168K, 0% used [0x0000000787300000,0x0000000787300000,0x000000079f100000)
 ParOldGen       total 1396224K, used 1162843K [0x0000000630000000, 0x0000000685380000, 0x000000073ab00000)
  object space 1396224K, 83% used [0x0000000630000000,0x0000000676f96fe8,0x0000000685380000)
 Metaspace       used 214917K, capacity 221467K, committed 221684K, reserved 1236992K
  class space    used 33245K, capacity 34970K, committed 35072K, reserved 1048576K
Event: 1080.176 GC heap after
Heap after GC invocations=96 (full 9):
 PSYoungGen      total 1644544K, used 13299K [0x000000073ab00000, 0x00000007b9980000, 0x00000007c0000000)
  eden space 1253376K, 0% used [0x000000073ab00000,0x000000073ab00000,0x0000000787300000)
  from space 391168K, 3% used [0x0000000787300000,0x0000000787ffcca0,0x000000079f100000)
  to   space 384000K, 0% used [0x00000007a2280000,0x00000007a2280000,0x00000007b9980000)
 ParOldGen       total 1396224K, used 1162851K [0x0000000630000000, 0x0000000685380000, 0x000000073ab00000)
  object space 1396224K, 83% used [0x0000000630000000,0x0000000676f98fe8,0x0000000685380000)
 Metaspace       used 214917K, capacity 221467K, committed 221684K, reserved 1236992K
  class space    used 33245K, capacity 34970K, committed 35072K, reserved 1048576K
}

