# JRE version: Java(TM) SE Runtime Environment (8.0_51-b16) (build 1.8.0_51-b16)
# Java VM: Java HotSpot(TM) 64-Bit Server VM (25.51-b03 mixed mode windows-amd64 compressed oops)
Heap:
 PSYoungGen      total 830464K, used 754818K [0x000000073ab00000, 0x0000000780880000, 0x00000007c0000000)
  eden space 824320K, 90% used [0x000000073ab00000,0x0000000768634a60,0x000000076d000000)
  from space 6144K, 98% used [0x000000077bb80000,0x000000077c16c010,0x000000077c180000)
  to   space 40448K, 0% used [0x000000077e100000,0x000000077e100000,0x0000000780880000)
 ParOldGen       total 1377792K, used 1116832K [0x0000000630000000, 0x0000000684180000, 0x000000073ab00000)
  object space 1377792K, 81% used [0x0000000630000000,0x00000006742a83d8,0x0000000684180000)
 Metaspace       used 220551K, capacity 227825K, committed 227968K, reserved 1241088K
  class space    used 33501K, capacity 35330K, committed 35456K, reserved 1048576K
GC Heap History (10 events):
Event: 2798.822 GC heap before
{Heap before GC invocations=129 (full 10):
 PSYoungGen      total 995840K, used 995829K [0x000000073ab00000, 0x0000000787000000, 0x00000007c0000000)
  eden space 988672K, 100% used [0x000000073ab00000,0x0000000777080000,0x0000000777080000)
  from space 7168K, 99% used [0x0000000786900000,0x0000000786ffd610,0x0000000787000000)
  to   space 57344K, 0% used [0x0000000780000000,0x0000000780000000,0x0000000783800000)
 ParOldGen       total 1377792K, used 1114341K [0x0000000630000000, 0x0000000684180000, 0x000000073ab00000)
  object space 1377792K, 80% used [0x0000000630000000,0x0000000674039518,0x0000000684180000)
 Metaspace       used 219845K, capacity 227001K, committed 227328K, reserved 1241088K
  class space    used 33436K, capacity 35244K, committed 35328K, reserved 1048576K
Event: 2798.840 GC heap after
Heap after GC invocations=129 (full 10):
 PSYoungGen      total 959488K, used 6684K [0x000000073ab00000, 0x0000000786980000, 0x00000007c0000000)
  eden space 952320K, 0% used [0x000000073ab00000,0x000000073ab00000,0x0000000774d00000)
  from space 7168K, 93% used [0x0000000780000000,0x00000007806872c8,0x0000000780700000)
  to   space 53760K, 0% used [0x0000000783500000,0x0000000783500000,0x0000000786980000)
 ParOldGen       total 1377792K, used 1115173K [0x0000000630000000, 0x0000000684180000, 0x000000073ab00000)
  object space 1377792K, 80% used [0x0000000630000000,0x0000000674109518,0x0000000684180000)
 Metaspace       used 219845K, capacity 227001K, committed 227328K, reserved 1241088K
  class space    used 33436K, capacity 35244K, committed 35328K, reserved 1048576K
}
Event: 2829.983 GC heap before
{Heap before GC invocations=130 (full 10):
 PSYoungGen      total 959488K, used 959004K [0x000000073ab00000, 0x0000000786980000, 0x00000007c0000000)
  eden space 952320K, 100% used [0x000000073ab00000,0x0000000774d00000,0x0000000774d00000)
  from space 7168K, 93% used [0x0000000780000000,0x00000007806872c8,0x0000000780700000)
  to   space 53760K, 0% used [0x0000000783500000,0x0000000783500000,0x0000000786980000)
 ParOldGen       total 1377792K, used 1115173K [0x0000000630000000, 0x0000000684180000, 0x000000073ab00000)
  object space 1377792K, 80% used [0x0000000630000000,0x0000000674109518,0x0000000684180000)
 Metaspace       used 219936K, capacity 227161K, committed 227328K, reserved 1241088K
  class space    used 33443K, capacity 35248K, committed 35328K, reserved 1048576K
Event: 2830.000 GC heap after
Heap after GC invocations=130 (full 10):
 PSYoungGen      total 925184K, used 7008K [0x000000073ab00000, 0x0000000783c00000, 0x00000007c0000000)
  eden space 918016K, 0% used [0x000000073ab00000,0x000000073ab00000,0x0000000772b80000)
  from space 7168K, 97% used [0x0000000783500000,0x0000000783bd82c0,0x0000000783c00000)
  to   space 49664K, 0% used [0x000000077db00000,0x000000077db00000,0x0000000780b80000)
 ParOldGen       total 1377792K, used 1115205K [0x0000000630000000, 0x0000000684180000, 0x000000073ab00000)
  object space 1377792K, 80% used [0x0000000630000000,0x0000000674111518,0x0000000684180000)
 Metaspace       used 219936K, capacity 227161K, committed 227328K, reserved 1241088K
  class space    used 33443K, capacity 35248K, committed 35328K, reserved 1048576K
}
Event: 2875.490 GC heap before
{Heap before GC invocations=131 (full 10):
 PSYoungGen      total 925184K, used 925024K [0x000000073ab00000, 0x0000000783c00000, 0x00000007c0000000)
  eden space 918016K, 100% used [0x000000073ab00000,0x0000000772b80000,0x0000000772b80000)
  from space 7168K, 97% used [0x0000000783500000,0x0000000783bd82c0,0x0000000783c00000)
  to   space 49664K, 0% used [0x000000077db00000,0x000000077db00000,0x0000000780b80000)
 ParOldGen       total 1377792K, used 1115205K [0x0000000630000000, 0x0000000684180000, 0x000000073ab00000)
  object space 1377792K, 80% used [0x0000000630000000,0x0000000674111518,0x0000000684180000)
 Metaspace       used 219985K, capacity 227161K, committed 227328K, reserved 1241088K
  class space    used 33450K, capacity 35248K, committed 35328K, reserved 1048576K
Event: 2875.506 GC heap after
Heap after GC invocations=131 (full 10):
 PSYoungGen      total 892928K, used 7216K [0x000000073ab00000, 0x0000000783580000, 0x00000007c0000000)
  eden space 885248K, 0% used [0x000000073ab00000,0x000000073ab00000,0x0000000770b80000)
  from space 7680K, 93% used [0x000000077db00000,0x000000077e20c2b0,0x000000077e280000)
  to   space 46592K, 0% used [0x0000000780800000,0x0000000780800000,0x0000000783580000)
 ParOldGen       total 1377792K, used 1115221K [0x0000000630000000, 0x0000000684180000, 0x000000073ab00000)
  object space 1377792K, 80% used [0x0000000630000000,0x0000000674115518,0x0000000684180000)
 Metaspace       used 219985K, capacity 227161K, committed 227328K, reserved 1241088K
  class space    used 33450K, capacity 35248K, committed 35328K, reserved 1048576K
}
Event: 2934.977 GC heap before
{Heap before GC invocations=132 (full 10):
 PSYoungGen      total 892928K, used 892464K [0x000000073ab00000, 0x0000000783580000, 0x00000007c0000000)
  eden space 885248K, 100% used [0x000000073ab00000,0x0000000770b80000,0x0000000770b80000)
  from space 7680K, 93% used [0x000000077db00000,0x000000077e20c2b0,0x000000077e280000)
  to   space 46592K, 0% used [0x0000000780800000,0x0000000780800000,0x0000000783580000)
 ParOldGen       total 1377792K, used 1115221K [0x0000000630000000, 0x0000000684180000, 0x000000073ab00000)
  object space 1377792K, 80% used [0x0000000630000000,0x0000000674115518,0x0000000684180000)
 Metaspace       used 220515K, capacity 227753K, committed 227968K, reserved 1241088K
  class space    used 33498K, capacity 35328K, committed 35456K, reserved 1048576K
Event: 2934.996 GC heap after
Heap after GC invocations=132 (full 10):
 PSYoungGen      total 861696K, used 7671K [0x000000073ab00000, 0x0000000780f80000, 0x00000007c0000000)
  eden space 854016K, 0% used [0x000000073ab00000,0x000000073ab00000,0x000000076ed00000)
  from space 7680K, 99% used [0x0000000780800000,0x0000000780f7dd10,0x0000000780f80000)
  to   space 43008K, 0% used [0x000000077bb80000,0x000000077bb80000,0x000000077e580000)
 ParOldGen       total 1377792K, used 1115772K [0x0000000630000000, 0x0000000684180000, 0x000000073ab00000)
  object space 1377792K, 80% used [0x0000000630000000,0x000000067419f3c8,0x0000000684180000)
 Metaspace       used 220515K, capacity 227753K, committed 227968K, reserved 1241088K
  class space    used 33498K, capacity 35328K, committed 35456K, reserved 1048576K
}
Event: 2956.513 GC heap before
{Heap before GC invocations=133 (full 10):
 PSYoungGen      total 861696K, used 861687K [0x000000073ab00000, 0x0000000780f80000, 0x00000007c0000000)
  eden space 854016K, 100% used [0x000000073ab00000,0x000000076ed00000,0x000000076ed00000)
  from space 7680K, 99% used [0x0000000780800000,0x0000000780f7dd10,0x0000000780f80000)
  to   space 43008K, 0% used [0x000000077bb80000,0x000000077bb80000,0x000000077e580000)
 ParOldGen       total 1377792K, used 1115772K [0x0000000630000000, 0x0000000684180000, 0x000000073ab00000)
  object space 1377792K, 80% used [0x0000000630000000,0x000000067419f3c8,0x0000000684180000)
 Metaspace       used 220530K, capacity 227819K, committed 227968K, reserved 1241088K
  class space    used 33499K, capacity 35329K, committed 35456K, reserved 1048576K
Event: 2956.529 GC heap after
Heap after GC invocations=133 (full 10):
 PSYoungGen      total 830464K, used 6064K [0x000000073ab00000, 0x0000000780880000, 0x00000007c0000000)
  eden space 824320K, 0% used [0x000000073ab00000,0x000000073ab00000,0x000000076d000000)
  from space 6144K, 98% used [0x000000077bb80000,0x000000077c16c010,0x000000077c180000)
  to   space 40448K, 0% used [0x000000077e100000,0x000000077e100000,0x0000000780880000)
 ParOldGen       total 1377792K, used 1116832K [0x0000000630000000, 0x0000000684180000, 0x000000073ab00000)
  object space 1377792K, 81% used [0x0000000630000000,0x00000006742a83d8,0x0000000684180000)
 Metaspace       used 220530K, capacity 227819K, committed 227968K, reserved 1241088K
  class space    used 33499K, capacity 35329K, committed 35456K, reserved 1048576K
}

