# JRE version: Java(TM) SE Runtime Environment (8.0_51-b16) (build 1.8.0_51-b16)
# Java VM: Java HotSpot(TM) 64-Bit Server VM (25.51-b03 mixed mode windows-amd64 compressed oops)
Heap:
 PSYoungGen      total 1725952K, used 552081K [0x000000073ab00000, 0x00000007be480000, 0x00000007c0000000)
  eden space 1322496K, 41% used [0x000000073ab00000,0x000000075be244e8,0x000000078b680000)
  from space 403456K, 2% used [0x00000007a5a80000,0x00000007a6280048,0x00000007be480000)
  to   space 416768K, 0% used [0x000000078b680000,0x000000078b680000,0x00000007a4d80000)
 ParOldGen       total 1331712K, used 1041036K [0x0000000630000000, 0x0000000681480000, 0x000000073ab00000)
  object space 1331712K, 78% used [0x0000000630000000,0x000000066f8a3188,0x0000000681480000)
 Metaspace       used 203346K, capacity 209391K, committed 209536K, reserved 1226752K
  class space    used 31387K, capacity 32892K, committed 32896K, reserved 1048576K
GC Heap History (10 events):
Event: 2965.236 GC heap before
{Heap before GC invocations=95 (full 8):
 PSYoungGen      total 1717760K, used 586289K [0x000000073ab00000, 0x00000007bf600000, 0x00000007c0000000)
  eden space 1278464K, 26% used [0x000000073ab00000,0x000000074f5cc878,0x0000000788b80000)
  from space 439296K, 56% used [0x00000007a3c00000,0x00000007b2dbfcd8,0x00000007be900000)
  to   space 442880K, 0% used [0x0000000788b80000,0x0000000788b80000,0x00000007a3c00000)
 ParOldGen       total 1331712K, used 996793K [0x0000000630000000, 0x0000000681480000, 0x000000073ab00000)
  object space 1331712K, 74% used [0x0000000630000000,0x000000066cd6e718,0x0000000681480000)
 Metaspace       used 200548K, capacity 206395K, committed 206592K, reserved 1222656K
  class space    used 31219K, capacity 32680K, committed 32768K, reserved 1048576K
Event: 2965.362 GC heap after
Heap after GC invocations=95 (full 8):
 PSYoungGen      total 1380864K, used 101993K [0x000000073ab00000, 0x00000007bd800000, 0x00000007c0000000)
  eden space 1278464K, 0% used [0x000000073ab00000,0x000000073ab00000,0x0000000788b80000)
  from space 102400K, 99% used [0x0000000788b80000,0x000000078ef1a6e0,0x000000078ef80000)
  to   space 427520K, 0% used [0x00000007a3680000,0x00000007a3680000,0x00000007bd800000)
 ParOldGen       total 1331712K, used 996801K [0x0000000630000000, 0x0000000681480000, 0x000000073ab00000)
  object space 1331712K, 74% used [0x0000000630000000,0x000000066cd70718,0x0000000681480000)
 Metaspace       used 200548K, capacity 206395K, committed 206592K, reserved 1222656K
  class space    used 31219K, capacity 32680K, committed 32768K, reserved 1048576K
}
Event: 2965.362 GC heap before
{Heap before GC invocations=96 (full 9):
 PSYoungGen      total 1380864K, used 101993K [0x000000073ab00000, 0x00000007bd800000, 0x00000007c0000000)
  eden space 1278464K, 0% used [0x000000073ab00000,0x000000073ab00000,0x0000000788b80000)
  from space 102400K, 99% used [0x0000000788b80000,0x000000078ef1a6e0,0x000000078ef80000)
  to   space 427520K, 0% used [0x00000007a3680000,0x00000007a3680000,0x00000007bd800000)
 ParOldGen       total 1331712K, used 996801K [0x0000000630000000, 0x0000000681480000, 0x000000073ab00000)
  object space 1331712K, 74% used [0x0000000630000000,0x000000066cd70718,0x0000000681480000)
 Metaspace       used 200548K, capacity 206395K, committed 206592K, reserved 1222656K
  class space    used 31219K, capacity 32680K, committed 32768K, reserved 1048576K
Event: 2969.067 GC heap after
Heap after GC invocations=96 (full 9):
 PSYoungGen      total 1380864K, used 0K [0x000000073ab00000, 0x00000007bd800000, 0x00000007c0000000)
  eden space 1278464K, 0% used [0x000000073ab00000,0x000000073ab00000,0x0000000788b80000)
  from space 102400K, 0% used [0x0000000788b80000,0x0000000788b80000,0x000000078ef80000)
  to   space 427520K, 0% used [0x00000007a3680000,0x00000007a3680000,0x00000007bd800000)
 ParOldGen       total 1331712K, used 1041012K [0x0000000630000000, 0x0000000681480000, 0x000000073ab00000)
  object space 1331712K, 78% used [0x0000000630000000,0x000000066f89d188,0x0000000681480000)
 Metaspace       used 200548K, capacity 206395K, committed 206592K, reserved 1222656K
  class space    used 31219K, capacity 32680K, committed 32768K, reserved 1048576K
}
Event: 3193.704 GC heap before
{Heap before GC invocations=97 (full 9):
 PSYoungGen      total 1380864K, used 1278464K [0x000000073ab00000, 0x00000007bd800000, 0x00000007c0000000)
  eden space 1278464K, 100% used [0x000000073ab00000,0x0000000788b80000,0x0000000788b80000)
  from space 102400K, 0% used [0x0000000788b80000,0x0000000788b80000,0x000000078ef80000)
  to   space 427520K, 0% used [0x00000007a3680000,0x00000007a3680000,0x00000007bd800000)
 ParOldGen       total 1331712K, used 1041012K [0x0000000630000000, 0x0000000681480000, 0x000000073ab00000)
  object space 1331712K, 78% used [0x0000000630000000,0x000000066f89d188,0x0000000681480000)
 Metaspace       used 203338K, capacity 209391K, committed 209536K, reserved 1226752K
  class space    used 31387K, capacity 32892K, committed 32896K, reserved 1048576K
Event: 3193.724 GC heap after
Heap after GC invocations=97 (full 9):
 PSYoungGen      total 1715200K, used 9650K [0x000000073ab00000, 0x00000007c0000000, 0x00000007c0000000)
  eden space 1287680K, 0% used [0x000000073ab00000,0x000000073ab00000,0x0000000789480000)
  from space 427520K, 2% used [0x00000007a3680000,0x00000007a3fecad0,0x00000007bd800000)
  to   space 428032K, 0% used [0x0000000789480000,0x0000000789480000,0x00000007a3680000)
 ParOldGen       total 1331712K, used 1041020K [0x0000000630000000, 0x0000000681480000, 0x000000073ab00000)
  object space 1331712K, 78% used [0x0000000630000000,0x000000066f89f188,0x0000000681480000)
 Metaspace       used 203338K, capacity 209391K, committed 209536K, reserved 1226752K
  class space    used 31387K, capacity 32892K, committed 32896K, reserved 1048576K
}
Event: 3591.403 GC heap before
{Heap before GC invocations=98 (full 9):
 PSYoungGen      total 1715200K, used 1297330K [0x000000073ab00000, 0x00000007c0000000, 0x00000007c0000000)
  eden space 1287680K, 100% used [0x000000073ab00000,0x0000000789480000,0x0000000789480000)
  from space 427520K, 2% used [0x00000007a3680000,0x00000007a3fecad0,0x00000007bd800000)
  to   space 428032K, 0% used [0x0000000789480000,0x0000000789480000,0x00000007a3680000)
 ParOldGen       total 1331712K, used 1041020K [0x0000000630000000, 0x0000000681480000, 0x000000073ab00000)
  object space 1331712K, 78% used [0x0000000630000000,0x000000066f89f188,0x0000000681480000)
 Metaspace       used 203345K, capacity 209391K, committed 209536K, reserved 1226752K
  class space    used 31387K, capacity 32892K, committed 32896K, reserved 1048576K
Event: 3591.421 GC heap after
Heap after GC invocations=98 (full 9):
 PSYoungGen      total 1715712K, used 8160K [0x000000073ab00000, 0x00000007bf880000, 0x00000007c0000000)
  eden space 1287680K, 0% used [0x000000073ab00000,0x000000073ab00000,0x0000000789480000)
  from space 428032K, 1% used [0x0000000789480000,0x0000000789c78020,0x00000007a3680000)
  to   space 423936K, 0% used [0x00000007a5a80000,0x00000007a5a80000,0x00000007bf880000)
 ParOldGen       total 1331712K, used 1041028K [0x0000000630000000, 0x0000000681480000, 0x000000073ab00000)
  object space 1331712K, 78% used [0x0000000630000000,0x000000066f8a1188,0x0000000681480000)
 Metaspace       used 203345K, capacity 209391K, committed 209536K, reserved 1226752K
  class space    used 31387K, capacity 32892K, committed 32896K, reserved 1048576K
}
Event: 3994.203 GC heap before
{Heap before GC invocations=99 (full 9):
 PSYoungGen      total 1715712K, used 1295840K [0x000000073ab00000, 0x00000007bf880000, 0x00000007c0000000)
  eden space 1287680K, 100% used [0x000000073ab00000,0x0000000789480000,0x0000000789480000)
  from space 428032K, 1% used [0x0000000789480000,0x0000000789c78020,0x00000007a3680000)
  to   space 423936K, 0% used [0x00000007a5a80000,0x00000007a5a80000,0x00000007bf880000)
 ParOldGen       total 1331712K, used 1041028K [0x0000000630000000, 0x0000000681480000, 0x000000073ab00000)
  object space 1331712K, 78% used [0x0000000630000000,0x000000066f8a1188,0x0000000681480000)
 Metaspace       used 203346K, capacity 209391K, committed 209536K, reserved 1226752K
  class space    used 31387K, capacity 32892K, committed 32896K, reserved 1048576K
Event: 3994.224 GC heap after
Heap after GC invocations=99 (full 9):
 PSYoungGen      total 1725952K, used 8192K [0x000000073ab00000, 0x00000007be480000, 0x00000007c0000000)
  eden space 1322496K, 0% used [0x000000073ab00000,0x000000073ab00000,0x000000078b680000)
  from space 403456K, 2% used [0x00000007a5a80000,0x00000007a6280048,0x00000007be480000)
  to   space 416768K, 0% used [0x000000078b680000,0x000000078b680000,0x00000007a4d80000)
 ParOldGen       total 1331712K, used 1041036K [0x0000000630000000, 0x0000000681480000, 0x000000073ab00000)
  object space 1331712K, 78% used [0x0000000630000000,0x000000066f8a3188,0x0000000681480000)
 Metaspace       used 203346K, capacity 209391K, committed 209536K, reserved 1226752K
  class space    used 31387K, capacity 32892K, committed 32896K, reserved 1048576K
}

