# JRE version: Java(TM) SE Runtime Environment (8.0_51-b16) (build 1.8.0_51-b16)
# Java VM: Java HotSpot(TM) 64-Bit Server VM (25.51-b03 mixed mode windows-amd64 compressed oops)
Heap:
 PSYoungGen      total 859648K, used 734919K [0x0000000755580000, 0x00000007a0900000, 0x00000007c0000000)
  eden space 844800K, 85% used [0x0000000755580000,0x00000007814f9bd8,0x0000000788e80000)
  from space 14848K, 98% used [0x0000000788e80000,0x0000000789cb8260,0x0000000789d00000)
  to   space 189440K, 0% used [0x0000000795000000,0x0000000795000000,0x00000007a0900000)
 ParOldGen       total 1549312K, used 1100338K [0x0000000680000000, 0x00000006de900000, 0x0000000755580000)
  object space 1549312K, 71% used [0x0000000680000000,0x00000006c328cac8,0x00000006de900000)
 Metaspace       used 205917K, capacity 212223K, committed 212352K, reserved 1228800K
  class space    used 31528K, capacity 33125K, committed 33152K, reserved 1048576K
GC Heap History (10 events):
Event: 483.267 GC heap before
{Heap before GC invocations=128 (full 11):
 PSYoungGen      total 1066496K, used 839680K [0x0000000755580000, 0x00000007a7280000, 0x00000007c0000000)
  eden space 823296K, 100% used [0x0000000755580000,0x0000000787980000,0x0000000787980000)
  from space 243200K, 6% used [0x0000000798500000,0x0000000799500040,0x00000007a7280000)
  to   space 258560K, 0% used [0x0000000787980000,0x0000000787980000,0x0000000797600000)
 ParOldGen       total 1549312K, used 1094109K [0x0000000680000000, 0x00000006de900000, 0x0000000755580000)
  object space 1549312K, 70% used [0x0000000680000000,0x00000006c2c77478,0x00000006de900000)
 Metaspace       used 205492K, capacity 211775K, committed 212096K, reserved 1228800K
  class space    used 31484K, capacity 33051K, committed 33152K, reserved 1048576K
Event: 483.304 GC heap after
Heap after GC invocations=128 (full 11):
 PSYoungGen      total 840704K, used 17376K [0x0000000755580000, 0x00000007a6200000, 0x00000007c0000000)
  eden space 823296K, 0% used [0x0000000755580000,0x0000000755580000,0x0000000787980000)
  from space 17408K, 99% used [0x0000000787980000,0x0000000788a78060,0x0000000788a80000)
  to   space 243712K, 0% used [0x0000000797400000,0x0000000797400000,0x00000007a6200000)
 ParOldGen       total 1549312K, used 1094109K [0x0000000680000000, 0x00000006de900000, 0x0000000755580000)
  object space 1549312K, 70% used [0x0000000680000000,0x00000006c2c77478,0x00000006de900000)
 Metaspace       used 205492K, capacity 211775K, committed 212096K, reserved 1228800K
  class space    used 31484K, capacity 33051K, committed 33152K, reserved 1048576K
}
Event: 493.801 GC heap before
{Heap before GC invocations=129 (full 11):
 PSYoungGen      total 840704K, used 840672K [0x0000000755580000, 0x00000007a6200000, 0x00000007c0000000)
  eden space 823296K, 100% used [0x0000000755580000,0x0000000787980000,0x0000000787980000)
  from space 17408K, 99% used [0x0000000787980000,0x0000000788a78060,0x0000000788a80000)
  to   space 243712K, 0% used [0x0000000797400000,0x0000000797400000,0x00000007a6200000)
 ParOldGen       total 1549312K, used 1094109K [0x0000000680000000, 0x00000006de900000, 0x0000000755580000)
  object space 1549312K, 70% used [0x0000000680000000,0x00000006c2c77478,0x00000006de900000)
 Metaspace       used 205526K, capacity 211775K, committed 212096K, reserved 1228800K
  class space    used 31488K, capacity 33051K, committed 33152K, reserved 1048576K
Event: 493.842 GC heap after
Heap after GC invocations=129 (full 11):
 PSYoungGen      total 1048064K, used 18016K [0x0000000755580000, 0x00000007a4400000, 0x00000007c0000000)
  eden space 835072K, 0% used [0x0000000755580000,0x0000000755580000,0x0000000788500000)
  from space 212992K, 8% used [0x0000000797400000,0x0000000798598170,0x00000007a4400000)
  to   space 228864K, 0% used [0x0000000788500000,0x0000000788500000,0x0000000796480000)
 ParOldGen       total 1549312K, used 1094109K [0x0000000680000000, 0x00000006de900000, 0x0000000755580000)
  object space 1549312K, 70% used [0x0000000680000000,0x00000006c2c77478,0x00000006de900000)
 Metaspace       used 205526K, capacity 211775K, committed 212096K, reserved 1228800K
  class space    used 31488K, capacity 33051K, committed 33152K, reserved 1048576K
}
Event: 501.617 GC heap before
{Heap before GC invocations=130 (full 11):
 PSYoungGen      total 1048064K, used 853088K [0x0000000755580000, 0x00000007a4400000, 0x00000007c0000000)
  eden space 835072K, 100% used [0x0000000755580000,0x0000000788500000,0x0000000788500000)
  from space 212992K, 8% used [0x0000000797400000,0x0000000798598170,0x00000007a4400000)
  to   space 228864K, 0% used [0x0000000788500000,0x0000000788500000,0x0000000796480000)
 ParOldGen       total 1549312K, used 1094109K [0x0000000680000000, 0x00000006de900000, 0x0000000755580000)
  object space 1549312K, 70% used [0x0000000680000000,0x00000006c2c77478,0x00000006de900000)
 Metaspace       used 205725K, capacity 212057K, committed 212096K, reserved 1228800K
  class space    used 31524K, capacity 33122K, committed 33152K, reserved 1048576K
Event: 501.655 GC heap after
Heap after GC invocations=130 (full 11):
 PSYoungGen      total 856064K, used 20899K [0x0000000755580000, 0x00000007a3380000, 0x00000007c0000000)
  eden space 835072K, 0% used [0x0000000755580000,0x0000000755580000,0x0000000788500000)
  from space 20992K, 99% used [0x0000000788500000,0x0000000789968dc8,0x0000000789980000)
  to   space 214528K, 0% used [0x0000000796200000,0x0000000796200000,0x00000007a3380000)
 ParOldGen       total 1549312K, used 1094117K [0x0000000680000000, 0x00000006de900000, 0x0000000755580000)
  object space 1549312K, 70% used [0x0000000680000000,0x00000006c2c79478,0x00000006de900000)
 Metaspace       used 205725K, capacity 212057K, committed 212096K, reserved 1228800K
  class space    used 31524K, capacity 33122K, committed 33152K, reserved 1048576K
}
Event: 520.837 GC heap before
{Heap before GC invocations=131 (full 11):
 PSYoungGen      total 856064K, used 855971K [0x0000000755580000, 0x00000007a3380000, 0x00000007c0000000)
  eden space 835072K, 99% used [0x0000000755580000,0x00000007884fff78,0x0000000788500000)
  from space 20992K, 99% used [0x0000000788500000,0x0000000789968dc8,0x0000000789980000)
  to   space 214528K, 0% used [0x0000000796200000,0x0000000796200000,0x00000007a3380000)
 ParOldGen       total 1549312K, used 1094117K [0x0000000680000000, 0x00000006de900000, 0x0000000755580000)
  object space 1549312K, 70% used [0x0000000680000000,0x00000006c2c79478,0x00000006de900000)
 Metaspace       used 205804K, capacity 212125K, committed 212352K, reserved 1228800K
  class space    used 31525K, capacity 33122K, committed 33152K, reserved 1048576K
Event: 520.874 GC heap after
Heap after GC invocations=131 (full 11):
 PSYoungGen      total 1030656K, used 20720K [0x0000000755580000, 0x00000007a1780000, 0x00000007c0000000)
  eden space 844800K, 0% used [0x0000000755580000,0x0000000755580000,0x0000000788e80000)
  from space 185856K, 11% used [0x0000000796200000,0x000000079763c180,0x00000007a1780000)
  to   space 201216K, 0% used [0x0000000788e80000,0x0000000788e80000,0x0000000795300000)
 ParOldGen       total 1549312K, used 1094125K [0x0000000680000000, 0x00000006de900000, 0x0000000755580000)
  object space 1549312K, 70% used [0x0000000680000000,0x00000006c2c7b478,0x00000006de900000)
 Metaspace       used 205804K, capacity 212125K, committed 212352K, reserved 1228800K
  class space    used 31525K, capacity 33122K, committed 33152K, reserved 1048576K
}
Event: 538.238 GC heap before
{Heap before GC invocations=132 (full 11):
 PSYoungGen      total 1030656K, used 865520K [0x0000000755580000, 0x00000007a1780000, 0x00000007c0000000)
  eden space 844800K, 100% used [0x0000000755580000,0x0000000788e80000,0x0000000788e80000)
  from space 185856K, 11% used [0x0000000796200000,0x000000079763c180,0x00000007a1780000)
  to   space 201216K, 0% used [0x0000000788e80000,0x0000000788e80000,0x0000000795300000)
 ParOldGen       total 1549312K, used 1094125K [0x0000000680000000, 0x00000006de900000, 0x0000000755580000)
  object space 1549312K, 70% used [0x0000000680000000,0x00000006c2c7b478,0x00000006de900000)
 Metaspace       used 205809K, capacity 212125K, committed 212352K, reserved 1228800K
  class space    used 31525K, capacity 33122K, committed 33152K, reserved 1048576K
Event: 538.272 GC heap after
Heap after GC invocations=132 (full 11):
 PSYoungGen      total 859648K, used 14560K [0x0000000755580000, 0x00000007a0900000, 0x00000007c0000000)
  eden space 844800K, 0% used [0x0000000755580000,0x0000000755580000,0x0000000788e80000)
  from space 14848K, 98% used [0x0000000788e80000,0x0000000789cb8260,0x0000000789d00000)
  to   space 189440K, 0% used [0x0000000795000000,0x0000000795000000,0x00000007a0900000)
 ParOldGen       total 1549312K, used 1100338K [0x0000000680000000, 0x00000006de900000, 0x0000000755580000)
  object space 1549312K, 71% used [0x0000000680000000,0x00000006c328cac8,0x00000006de900000)
 Metaspace       used 205809K, capacity 212125K, committed 212352K, reserved 1228800K
  class space    used 31525K, capacity 33122K, committed 33152K, reserved 1048576K
}

