# JRE version: Java(TM) SE Runtime Environment (8.0_51-b16) (build 1.8.0_51-b16)
# Java VM: Java HotSpot(TM) 64-Bit Server VM (25.51-b03 mixed mode windows-amd64 compressed oops)
Heap:
 PSYoungGen      total 1456128K, used 885233K [0x000000073ab00000, 0x00000007b7680000, 0x00000007c0000000)
  eden space 1324544K, 66% used [0x000000073ab00000,0x0000000770b7c6d0,0x000000078b880000)
  from space 131584K, 0% used [0x000000078b880000,0x000000078b880000,0x0000000793900000)
  to   space 358400K, 0% used [0x00000007a1880000,0x00000007a1880000,0x00000007b7680000)
 ParOldGen       total 1390080K, used 1103523K [0x0000000630000000, 0x0000000684d80000, 0x000000073ab00000)
  object space 1390080K, 79% used [0x0000000630000000,0x00000006735a8e50,0x0000000684d80000)
 Metaspace       used 211550K, capacity 218227K, committed 218240K, reserved 1232896K
  class space    used 32915K, capacity 34677K, committed 34688K, reserved 1048576K
GC Heap History (10 events):
Event: 632.639 GC heap before
{Heap before GC invocations=96 (full 8):
 PSYoungGen      total 1670656K, used 0K [0x000000073ab00000, 0x00000007b9380000, 0x00000007c0000000)
  eden space 1269760K, 0% used [0x000000073ab00000,0x000000073ab00000,0x0000000788300000)
  from space 400896K, 0% used [0x00000007a0b00000,0x00000007a0b00000,0x00000007b9280000)
  to   space 401408K, 0% used [0x0000000788300000,0x0000000788300000,0x00000007a0b00000)
 ParOldGen       total 1390080K, used 1026094K [0x0000000630000000, 0x0000000684d80000, 0x000000073ab00000)
  object space 1390080K, 73% used [0x0000000630000000,0x000000066ea0baf8,0x0000000684d80000)
 Metaspace       used 199524K, capacity 205461K, committed 205696K, reserved 1222656K
  class space    used 31493K, capacity 33098K, committed 33152K, reserved 1048576K
Event: 634.354 GC heap after
Heap after GC invocations=96 (full 8):
 PSYoungGen      total 1670656K, used 0K [0x000000073ab00000, 0x00000007b9380000, 0x00000007c0000000)
  eden space 1269760K, 0% used [0x000000073ab00000,0x000000073ab00000,0x0000000788300000)
  from space 400896K, 0% used [0x00000007a0b00000,0x00000007a0b00000,0x00000007b9280000)
  to   space 401408K, 0% used [0x0000000788300000,0x0000000788300000,0x00000007a0b00000)
 ParOldGen       total 1390080K, used 1026094K [0x0000000630000000, 0x0000000684d80000, 0x000000073ab00000)
  object space 1390080K, 73% used [0x0000000630000000,0x000000066ea0baf8,0x0000000684d80000)
 Metaspace       used 199524K, capacity 205461K, committed 205696K, reserved 1222656K
  class space    used 31493K, capacity 33098K, committed 33152K, reserved 1048576K
}
Event: 640.336 GC heap before
{Heap before GC invocations=97 (full 8):
 PSYoungGen      total 1670656K, used 1269760K [0x000000073ab00000, 0x00000007b9380000, 0x00000007c0000000)
  eden space 1269760K, 100% used [0x000000073ab00000,0x0000000788300000,0x0000000788300000)
  from space 400896K, 0% used [0x00000007a0b00000,0x00000007a0b00000,0x00000007b9280000)
  to   space 401408K, 0% used [0x0000000788300000,0x0000000788300000,0x00000007a0b00000)
 ParOldGen       total 1390080K, used 1026094K [0x0000000630000000, 0x0000000684d80000, 0x000000073ab00000)
  object space 1390080K, 73% used [0x0000000630000000,0x000000066ea0baf8,0x0000000684d80000)
 Metaspace       used 200931K, capacity 206963K, committed 207232K, reserved 1222656K
  class space    used 31678K, capacity 33301K, committed 33408K, reserved 1048576K
Event: 640.413 GC heap after
Heap after GC invocations=97 (full 8):
 PSYoungGen      total 1671168K, used 52761K [0x000000073ab00000, 0x00000007bab00000, 0x00000007c0000000)
  eden space 1269760K, 0% used [0x000000073ab00000,0x000000073ab00000,0x0000000788300000)
  from space 401408K, 13% used [0x0000000788300000,0x000000078b686550,0x00000007a0b00000)
  to   space 389120K, 0% used [0x00000007a2f00000,0x00000007a2f00000,0x00000007bab00000)
 ParOldGen       total 1390080K, used 1026094K [0x0000000630000000, 0x0000000684d80000, 0x000000073ab00000)
  object space 1390080K, 73% used [0x0000000630000000,0x000000066ea0baf8,0x0000000684d80000)
 Metaspace       used 200931K, capacity 206963K, committed 207232K, reserved 1222656K
  class space    used 31678K, capacity 33301K, committed 33408K, reserved 1048576K
}
Event: 649.994 GC heap before
{Heap before GC invocations=98 (full 8):
 PSYoungGen      total 1671168K, used 1322521K [0x000000073ab00000, 0x00000007bab00000, 0x00000007c0000000)
  eden space 1269760K, 100% used [0x000000073ab00000,0x0000000788300000,0x0000000788300000)
  from space 401408K, 13% used [0x0000000788300000,0x000000078b686550,0x00000007a0b00000)
  to   space 389120K, 0% used [0x00000007a2f00000,0x00000007a2f00000,0x00000007bab00000)
 ParOldGen       total 1390080K, used 1026094K [0x0000000630000000, 0x0000000684d80000, 0x000000073ab00000)
  object space 1390080K, 73% used [0x0000000630000000,0x000000066ea0baf8,0x0000000684d80000)
 Metaspace       used 205052K, capacity 211309K, committed 211584K, reserved 1226752K
  class space    used 32218K, capacity 33900K, committed 33920K, reserved 1048576K
Event: 650.182 GC heap after
Heap after GC invocations=98 (full 8):
 PSYoungGen      total 1710080K, used 182478K [0x000000073ab00000, 0x00000007ba780000, 0x00000007c0000000)
  eden space 1324544K, 0% used [0x000000073ab00000,0x000000073ab00000,0x000000078b880000)
  from space 385536K, 47% used [0x00000007a2f00000,0x00000007ae133990,0x00000007ba780000)
  to   space 383488K, 0% used [0x000000078b880000,0x000000078b880000,0x00000007a2f00000)
 ParOldGen       total 1390080K, used 1026102K [0x0000000630000000, 0x0000000684d80000, 0x000000073ab00000)
  object space 1390080K, 73% used [0x0000000630000000,0x000000066ea0daf8,0x0000000684d80000)
 Metaspace       used 205052K, capacity 211309K, committed 211584K, reserved 1226752K
  class space    used 32218K, capacity 33900K, committed 33920K, reserved 1048576K
}
Event: 655.646 GC heap before
{Heap before GC invocations=99 (full 8):
 PSYoungGen      total 1710080K, used 807353K [0x000000073ab00000, 0x00000007ba780000, 0x00000007c0000000)
  eden space 1324544K, 47% used [0x000000073ab00000,0x0000000760d3add0,0x000000078b880000)
  from space 385536K, 47% used [0x00000007a2f00000,0x00000007ae133990,0x00000007ba780000)
  to   space 383488K, 0% used [0x000000078b880000,0x000000078b880000,0x00000007a2f00000)
 ParOldGen       total 1390080K, used 1026102K [0x0000000630000000, 0x0000000684d80000, 0x000000073ab00000)
  object space 1390080K, 73% used [0x0000000630000000,0x000000066ea0daf8,0x0000000684d80000)
 Metaspace       used 208713K, capacity 215117K, committed 215168K, reserved 1230848K
  class space    used 32727K, capacity 34402K, committed 34432K, reserved 1048576K
Event: 655.784 GC heap after
Heap after GC invocations=99 (full 8):
 PSYoungGen      total 1456128K, used 131141K [0x000000073ab00000, 0x00000007b7680000, 0x00000007c0000000)
  eden space 1324544K, 0% used [0x000000073ab00000,0x000000073ab00000,0x000000078b880000)
  from space 131584K, 99% used [0x000000078b880000,0x0000000793891718,0x0000000793900000)
  to   space 358400K, 0% used [0x00000007a1880000,0x00000007a1880000,0x00000007b7680000)
 ParOldGen       total 1390080K, used 1026110K [0x0000000630000000, 0x0000000684d80000, 0x000000073ab00000)
  object space 1390080K, 73% used [0x0000000630000000,0x000000066ea0faf8,0x0000000684d80000)
 Metaspace       used 208713K, capacity 215117K, committed 215168K, reserved 1230848K
  class space    used 32727K, capacity 34402K, committed 34432K, reserved 1048576K
}
Event: 655.784 GC heap before
{Heap before GC invocations=100 (full 9):
 PSYoungGen      total 1456128K, used 131141K [0x000000073ab00000, 0x00000007b7680000, 0x00000007c0000000)
  eden space 1324544K, 0% used [0x000000073ab00000,0x000000073ab00000,0x000000078b880000)
  from space 131584K, 99% used [0x000000078b880000,0x0000000793891718,0x0000000793900000)
  to   space 358400K, 0% used [0x00000007a1880000,0x00000007a1880000,0x00000007b7680000)
 ParOldGen       total 1390080K, used 1026110K [0x0000000630000000, 0x0000000684d80000, 0x000000073ab00000)
  object space 1390080K, 73% used [0x0000000630000000,0x000000066ea0faf8,0x0000000684d80000)
 Metaspace       used 208713K, capacity 215117K, committed 215168K, reserved 1230848K
  class space    used 32727K, capacity 34402K, committed 34432K, reserved 1048576K
Event: 659.724 GC heap after
Heap after GC invocations=100 (full 9):
 PSYoungGen      total 1456128K, used 0K [0x000000073ab00000, 0x00000007b7680000, 0x00000007c0000000)
  eden space 1324544K, 0% used [0x000000073ab00000,0x000000073ab00000,0x000000078b880000)
  from space 131584K, 0% used [0x000000078b880000,0x000000078b880000,0x0000000793900000)
  to   space 358400K, 0% used [0x00000007a1880000,0x00000007a1880000,0x00000007b7680000)
 ParOldGen       total 1390080K, used 1103523K [0x0000000630000000, 0x0000000684d80000, 0x000000073ab00000)
  object space 1390080K, 79% used [0x0000000630000000,0x00000006735a8e50,0x0000000684d80000)
 Metaspace       used 208713K, capacity 215117K, committed 215168K, reserved 1230848K
  class space    used 32727K, capacity 34402K, committed 34432K, reserved 1048576K
}

