# JRE version: Java(TM) SE Runtime Environment (8.0_51-b16) (build 1.8.0_51-b16)
# Java VM: Java HotSpot(TM) 64-Bit Server VM (25.51-b03 mixed mode windows-amd64 compressed oops)
Heap:
 PSYoungGen      total 1566720K, used 1244346K [0x000000073ab00000, 0x00000007af500000, 0x00000007c0000000)
  eden space 1265664K, 96% used [0x000000073ab00000,0x0000000785480b48,0x0000000787f00000)
  from space 301056K, 7% used [0x000000079cf00000,0x000000079e4ae058,0x00000007af500000)
  to   space 322560K, 0% used [0x0000000787f00000,0x0000000787f00000,0x000000079ba00000)
 ParOldGen       total 1355264K, used 1164263K [0x0000000630000000, 0x0000000682b80000, 0x000000073ab00000)
  object space 1355264K, 85% used [0x0000000630000000,0x00000006770f9c90,0x0000000682b80000)
 Metaspace       used 203615K, capacity 209693K, committed 209920K, reserved 1226752K
  class space    used 31177K, capacity 32645K, committed 32768K, reserved 1048576K
GC Heap History (10 events):
Event: 586.629 GC heap before
{Heap before GC invocations=97 (full 9):
 PSYoungGen      total 1661440K, used 1240498K [0x000000073ab00000, 0x00000007ba480000, 0x00000007c0000000)
  eden space 1218560K, 100% used [0x000000073ab00000,0x0000000785100000,0x0000000785100000)
  from space 442880K, 4% used [0x0000000785100000,0x000000078666ca10,0x00000007a0180000)
  to   space 422400K, 0% used [0x00000007a0800000,0x00000007a0800000,0x00000007ba480000)
 ParOldGen       total 1355264K, used 1164223K [0x0000000630000000, 0x0000000682b80000, 0x000000073ab00000)
  object space 1355264K, 85% used [0x0000000630000000,0x00000006770efc90,0x0000000682b80000)
 Metaspace       used 203256K, capacity 209257K, committed 209408K, reserved 1226752K
  class space    used 31156K, capacity 32637K, committed 32768K, reserved 1048576K
Event: 586.675 GC heap after
Heap after GC invocations=97 (full 9):
 PSYoungGen      total 1615872K, used 21922K [0x000000073ab00000, 0x00000007b7700000, 0x00000007c0000000)
  eden space 1240064K, 0% used [0x000000073ab00000,0x000000073ab00000,0x0000000786600000)
  from space 375808K, 5% used [0x00000007a0800000,0x00000007a1d688f0,0x00000007b7700000)
  to   space 401920K, 0% used [0x0000000786600000,0x0000000786600000,0x000000079ee80000)
 ParOldGen       total 1355264K, used 1164231K [0x0000000630000000, 0x0000000682b80000, 0x000000073ab00000)
  object space 1355264K, 85% used [0x0000000630000000,0x00000006770f1c90,0x0000000682b80000)
 Metaspace       used 203256K, capacity 209257K, committed 209408K, reserved 1226752K
  class space    used 31156K, capacity 32637K, committed 32768K, reserved 1048576K
}
Event: 643.222 GC heap before
{Heap before GC invocations=98 (full 9):
 PSYoungGen      total 1615872K, used 1250423K [0x000000073ab00000, 0x00000007b7700000, 0x00000007c0000000)
  eden space 1240064K, 99% used [0x000000073ab00000,0x0000000785ab5470,0x0000000786600000)
  from space 375808K, 5% used [0x00000007a0800000,0x00000007a1d688f0,0x00000007b7700000)
  to   space 401920K, 0% used [0x0000000786600000,0x0000000786600000,0x000000079ee80000)
 ParOldGen       total 1355264K, used 1164231K [0x0000000630000000, 0x0000000682b80000, 0x000000073ab00000)
  object space 1355264K, 85% used [0x0000000630000000,0x00000006770f1c90,0x0000000682b80000)
 Metaspace       used 203476K, capacity 209475K, committed 209664K, reserved 1226752K
  class space    used 31174K, capacity 32642K, committed 32768K, reserved 1048576K
Event: 643.288 GC heap after
Heap after GC invocations=98 (full 9):
 PSYoungGen      total 1262592K, used 22515K [0x000000073ab00000, 0x00000007b6100000, 0x00000007c0000000)
  eden space 1240064K, 0% used [0x000000073ab00000,0x000000073ab00000,0x0000000786600000)
  from space 22528K, 99% used [0x0000000786600000,0x0000000787bfcee0,0x0000000787c00000)
  to   space 381440K, 0% used [0x000000079ec80000,0x000000079ec80000,0x00000007b6100000)
 ParOldGen       total 1355264K, used 1164239K [0x0000000630000000, 0x0000000682b80000, 0x000000073ab00000)
  object space 1355264K, 85% used [0x0000000630000000,0x00000006770f3c90,0x0000000682b80000)
 Metaspace       used 203476K, capacity 209475K, committed 209664K, reserved 1226752K
  class space    used 31174K, capacity 32642K, committed 32768K, reserved 1048576K
}
Event: 687.274 GC heap before
{Heap before GC invocations=99 (full 9):
 PSYoungGen      total 1262592K, used 1262579K [0x000000073ab00000, 0x00000007b6100000, 0x00000007c0000000)
  eden space 1240064K, 100% used [0x000000073ab00000,0x0000000786600000,0x0000000786600000)
  from space 22528K, 99% used [0x0000000786600000,0x0000000787bfcee0,0x0000000787c00000)
  to   space 381440K, 0% used [0x000000079ec80000,0x000000079ec80000,0x00000007b6100000)
 ParOldGen       total 1355264K, used 1164239K [0x0000000630000000, 0x0000000682b80000, 0x000000073ab00000)
  object space 1355264K, 85% used [0x0000000630000000,0x00000006770f3c90,0x0000000682b80000)
 Metaspace       used 203559K, capacity 209565K, committed 209920K, reserved 1226752K
  class space    used 31177K, capacity 32645K, committed 32768K, reserved 1048576K
Event: 687.317 GC heap after
Heap after GC invocations=99 (full 9):
 PSYoungGen      total 1592832K, used 22292K [0x000000073ab00000, 0x00000007b3680000, 0x00000007c0000000)
  eden space 1254912K, 0% used [0x000000073ab00000,0x000000073ab00000,0x0000000787480000)
  from space 337920K, 6% used [0x000000079ec80000,0x00000007a0245168,0x00000007b3680000)
  to   space 361472K, 0% used [0x0000000787480000,0x0000000787480000,0x000000079d580000)
 ParOldGen       total 1355264K, used 1164247K [0x0000000630000000, 0x0000000682b80000, 0x000000073ab00000)
  object space 1355264K, 85% used [0x0000000630000000,0x00000006770f5c90,0x0000000682b80000)
 Metaspace       used 203559K, capacity 209565K, committed 209920K, reserved 1226752K
  class space    used 31177K, capacity 32645K, committed 32768K, reserved 1048576K
}
Event: 720.192 GC heap before
{Heap before GC invocations=100 (full 9):
 PSYoungGen      total 1592832K, used 1277204K [0x000000073ab00000, 0x00000007b3680000, 0x00000007c0000000)
  eden space 1254912K, 100% used [0x000000073ab00000,0x0000000787480000,0x0000000787480000)
  from space 337920K, 6% used [0x000000079ec80000,0x00000007a0245168,0x00000007b3680000)
  to   space 361472K, 0% used [0x0000000787480000,0x0000000787480000,0x000000079d580000)
 ParOldGen       total 1355264K, used 1164247K [0x0000000630000000, 0x0000000682b80000, 0x000000073ab00000)
  object space 1355264K, 85% used [0x0000000630000000,0x00000006770f5c90,0x0000000682b80000)
 Metaspace       used 203575K, capacity 209565K, committed 209920K, reserved 1226752K
  class space    used 31177K, capacity 32645K, committed 32768K, reserved 1048576K
Event: 720.239 GC heap after
Heap after GC invocations=100 (full 9):
 PSYoungGen      total 1277440K, used 22388K [0x000000073ab00000, 0x00000007b1c80000, 0x00000007c0000000)
  eden space 1254912K, 0% used [0x000000073ab00000,0x000000073ab00000,0x0000000787480000)
  from space 22528K, 99% used [0x0000000787480000,0x0000000788a5d298,0x0000000788a80000)
  to   space 341504K, 0% used [0x000000079cf00000,0x000000079cf00000,0x00000007b1c80000)
 ParOldGen       total 1355264K, used 1164255K [0x0000000630000000, 0x0000000682b80000, 0x000000073ab00000)
  object space 1355264K, 85% used [0x0000000630000000,0x00000006770f7c90,0x0000000682b80000)
 Metaspace       used 203575K, capacity 209565K, committed 209920K, reserved 1226752K
  class space    used 31177K, capacity 32645K, committed 32768K, reserved 1048576K
}
Event: 805.925 GC heap before
{Heap before GC invocations=101 (full 9):
 PSYoungGen      total 1277440K, used 1277300K [0x000000073ab00000, 0x00000007b1c80000, 0x00000007c0000000)
  eden space 1254912K, 100% used [0x000000073ab00000,0x0000000787480000,0x0000000787480000)
  from space 22528K, 99% used [0x0000000787480000,0x0000000788a5d298,0x0000000788a80000)
  to   space 341504K, 0% used [0x000000079cf00000,0x000000079cf00000,0x00000007b1c80000)
 ParOldGen       total 1355264K, used 1164255K [0x0000000630000000, 0x0000000682b80000, 0x000000073ab00000)
  object space 1355264K, 85% used [0x0000000630000000,0x00000006770f7c90,0x0000000682b80000)
 Metaspace       used 203590K, capacity 209565K, committed 209920K, reserved 1226752K
  class space    used 31177K, capacity 32645K, committed 32768K, reserved 1048576K
Event: 805.968 GC heap after
Heap after GC invocations=101 (full 9):
 PSYoungGen      total 1566720K, used 22200K [0x000000073ab00000, 0x00000007af500000, 0x00000007c0000000)
  eden space 1265664K, 0% used [0x000000073ab00000,0x000000073ab00000,0x0000000787f00000)
  from space 301056K, 7% used [0x000000079cf00000,0x000000079e4ae058,0x00000007af500000)
  to   space 322560K, 0% used [0x0000000787f00000,0x0000000787f00000,0x000000079ba00000)
 ParOldGen       total 1355264K, used 1164263K [0x0000000630000000, 0x0000000682b80000, 0x000000073ab00000)
  object space 1355264K, 85% used [0x0000000630000000,0x00000006770f9c90,0x0000000682b80000)
 Metaspace       used 203590K, capacity 209565K, committed 209920K, reserved 1226752K
  class space    used 31177K, capacity 32645K, committed 32768K, reserved 1048576K
}

